TN:
SF:Projeto\App.js
FN:59,(anonymous_0)
FN:63,(anonymous_1)
FN:64,(anonymous_2)
FN:72,(anonymous_3)
FN:76,(anonymous_4)
FN:77,(anonymous_5)
FNF:6
FNH:6
FNDA:3,(anonymous_0)
FNDA:2,(anonymous_1)
FNDA:2,(anonymous_2)
FNDA:3,(anonymous_3)
FNDA:2,(anonymous_4)
FNDA:2,(anonymous_5)
DA:2,9
DA:3,9
DA:6,9
DA:39,9
DA:59,9
DA:60,3
DA:63,9
DA:64,2
DA:65,2
DA:66,1
DA:68,1
DA:72,9
DA:73,3
DA:76,9
DA:77,2
DA:78,2
DA:79,1
DA:81,1
DA:85,9
LF:19
LH:19
BRDA:65,0,0,1
BRDA:65,0,1,1
BRDA:78,1,0,1
BRDA:78,1,1,1
BRF:4
BRH:4
end_of_record
